{
  "stats": {
    "suites": 4,
    "tests": 5,
    "passes": 5,
    "pending": 0,
    "failures": 0,
    "start": "2021-04-28T19:38:26.070Z",
    "end": "2021-04-28T19:47:31.192Z",
    "duration": 17660,
    "testsRegistered": 5,
    "passPercent": 100,
    "pendingPercent": 0,
    "other": 0,
    "hasOther": false,
    "skipped": 0,
    "hasSkipped": false
  },
  "results": [
    {
      "uuid": "8ab022a5-d5c3-436d-aa76-91d3e04d948e",
      "title": "",
      "fullFile": "cypress/integration/login-spec.js",
      "file": "cypress/integration/login-spec.js",
      "beforeHooks": [],
      "afterHooks": [],
      "tests": [],
      "suites": [
        {
          "uuid": "60be602a-b7a1-4006-9e54-627eb753464d",
          "title": "Login user",
          "fullFile": "",
          "file": "",
          "beforeHooks": [],
          "afterHooks": [],
          "tests": [
            {
              "title": "login",
              "fullTitle": "Login user login",
              "timedOut": null,
              "duration": 2510,
              "state": "passed",
              "speed": "slow",
              "pass": true,
              "fail": false,
              "pending": false,
              "context": null,
              "code": "cy.visit('http://localhost:3000');\ncy.get('h2').should('contain', 'Login');\ncy.get(':nth-child(1) > input').type('tester01');\ncy.get(':nth-child(2) > input').type('GteteqbQQgSr88SwNExUQv2ydb7xuf8c');\ncy.get('.btn').click();\ncy.wait(500);\ncy.get('.username').should('contain', 'Welcome tester01!');\ncy.get('h2').should('contain', 'Tester Hotel Overview');\ncy.get('.user > .btn').click();\ncy.get('h2').should('contain', 'Login');",
              "err": {},
              "uuid": "71b80f8b-cd90-48c1-b4d8-e69255b4efd3",
              "parentUUID": "60be602a-b7a1-4006-9e54-627eb753464d",
              "isHook": false,
              "skipped": false
            }
          ],
          "suites": [],
          "passes": [
            "71b80f8b-cd90-48c1-b4d8-e69255b4efd3"
          ],
          "failures": [],
          "pending": [],
          "skipped": [],
          "duration": 2510,
          "root": false,
          "rootEmpty": false,
          "_timeout": 2000
        }
      ],
      "passes": [],
      "failures": [],
      "pending": [],
      "skipped": [],
      "duration": 0,
      "root": true,
      "rootEmpty": true,
      "_timeout": 2000
    },
    {
      "uuid": "26da80f9-58be-40d9-a5fa-4e44ff85bbb9",
      "title": "",
      "fullFile": "cypress/integration/page-objects.specs.js",
      "file": "cypress/integration/page-objects.specs.js",
      "beforeHooks": [],
      "afterHooks": [],
      "tests": [],
      "suites": [
        {
          "uuid": "ca6a95cf-7f6a-4df1-83ec-d161ad6543e4",
          "title": "Testsuite",
          "fullFile": "",
          "file": "",
          "beforeHooks": [],
          "afterHooks": [],
          "tests": [
            {
              "title": "Create client and verify",
              "fullTitle": "Testsuite Create client and verify",
              "timedOut": null,
              "duration": 5110,
              "state": "passed",
              "speed": "slow",
              "pass": true,
              "fail": false,
              "pending": false,
              "context": null,
              "code": "indexPage.viewClients(\"Clients\");\nclientsPage.viewClientNew(\"New Client\");\nclientNewPage.createClient(randomName, randomMail, randomPhone, \"Clients\");\nclientsPage.verifyLastClient(randomName, randomMail, randomPhone);\nclientsPage.deleteLastClient();\nindexPage.logoutUser(\"Login\");",
              "err": {},
              "uuid": "b34ed78b-f8ea-403e-9510-1762e1bf649f",
              "parentUUID": "ca6a95cf-7f6a-4df1-83ec-d161ad6543e4",
              "isHook": false,
              "skipped": false
            }
          ],
          "suites": [],
          "passes": [
            "b34ed78b-f8ea-403e-9510-1762e1bf649f"
          ],
          "failures": [],
          "pending": [],
          "skipped": [],
          "duration": 5110,
          "root": false,
          "rootEmpty": false,
          "_timeout": 2000
        }
      ],
      "passes": [],
      "failures": [],
      "pending": [],
      "skipped": [],
      "duration": 0,
      "root": true,
      "rootEmpty": true,
      "_timeout": 2000
    },
    {
      "uuid": "a6ce31fa-2a9b-4707-bcff-4efb3c483879",
      "title": "",
      "fullFile": "cypress/integration/page-objects.specs.js",
      "file": "cypress/integration/page-objects.specs.js",
      "beforeHooks": [],
      "afterHooks": [],
      "tests": [],
      "suites": [
        {
          "uuid": "6691fe3b-81cf-4ddd-a8fe-8d7700ff0ccd",
          "title": "Testsuite",
          "fullFile": "",
          "file": "",
          "beforeHooks": [],
          "afterHooks": [],
          "tests": [
            {
              "title": "Create client and verify",
              "fullTitle": "Testsuite Create client and verify",
              "timedOut": null,
              "duration": 5349,
              "state": "passed",
              "speed": "slow",
              "pass": true,
              "fail": false,
              "pending": false,
              "context": null,
              "code": "indexPage.viewClients(\"Clients\");\nclientsPage.viewClientNew(\"New Client\");\nclientNewPage.createClient(randomName, randomMail, randomPhone, \"Clients\");\nclientsPage.verifyLastClient(randomName, randomMail, randomPhone);\nclientsPage.deleteLastClient();\nindexPage.logoutUser(\"Login\");",
              "err": {},
              "uuid": "518e4caf-4d91-40a8-abf0-6df95d1a149a",
              "parentUUID": "6691fe3b-81cf-4ddd-a8fe-8d7700ff0ccd",
              "isHook": false,
              "skipped": false
            }
          ],
          "suites": [],
          "passes": [
            "518e4caf-4d91-40a8-abf0-6df95d1a149a"
          ],
          "failures": [],
          "pending": [],
          "skipped": [],
          "duration": 5349,
          "root": false,
          "rootEmpty": false,
          "_timeout": 2000
        }
      ],
      "passes": [],
      "failures": [],
      "pending": [],
      "skipped": [],
      "duration": 0,
      "root": true,
      "rootEmpty": true,
      "_timeout": 2000
    },
    {
      "uuid": "f8ce1cb8-d236-4752-8c9a-3a75942cccb8",
      "title": "",
      "fullFile": "cypress/integration/form-spec.js",
      "file": "cypress/integration/form-spec.js",
      "beforeHooks": [],
      "afterHooks": [],
      "tests": [],
      "suites": [
        {
          "uuid": "1f7b1c9b-74d6-4d86-abe8-a720df309c52",
          "title": "Login user",
          "fullFile": "",
          "file": "",
          "beforeHooks": [],
          "afterHooks": [],
          "tests": [
            {
              "title": "login",
              "fullTitle": "Login user login",
              "timedOut": null,
              "duration": 3011,
              "state": "passed",
              "speed": "slow",
              "pass": true,
              "fail": false,
              "pending": false,
              "context": null,
              "code": "cy.visit('http://localhost:3000');\ncy.get('h2').should('contain', 'Login');\ncy.get(':nth-child(1) > input').type('tester01');\ncy.get(':nth-child(2) > input').type('GteteqbQQgSr88SwNExUQv2ydb7xuf8c');\ncy.get('.btn').click();\ncy.get('.username').should('contain', 'Welcome tester01!');\ncy.get('h2').should('contain', 'Tester Hotel Overview');",
              "err": {},
              "uuid": "2be0e59b-1965-430e-bbe1-159ac8ae39a2",
              "parentUUID": "1f7b1c9b-74d6-4d86-abe8-a720df309c52",
              "isHook": false,
              "skipped": false
            },
            {
              "title": "login",
              "fullTitle": "Login user login",
              "timedOut": null,
              "duration": 1680,
              "state": "passed",
              "speed": "slow",
              "pass": true,
              "fail": false,
              "pending": false,
              "context": null,
              "code": "cy.visit('http://localhost:3000/clients');\ncy.get('h2').should('contain', 'Clients');\ncy.get('h2 > .btn').click();\ncy.get('h2').should('contain', 'New Client');\ncy.get(':nth-child(1) > input').type('tester');\ncy.get(':nth-child(2) > input').type('tester@test.com');\ncy.get(':nth-child(3) > input').type('1234567891');\ncy.get('.blue').click();\ncy.get('h2').should('contain', 'Clients');\ncy.contains('tester');\ncy.get('.user > .btn').click();",
              "err": {},
              "uuid": "db080d7b-e59f-4fbb-bac8-a6571fc65f1f",
              "parentUUID": "1f7b1c9b-74d6-4d86-abe8-a720df309c52",
              "isHook": false,
              "skipped": false
            }
          ],
          "suites": [],
          "passes": [
            "2be0e59b-1965-430e-bbe1-159ac8ae39a2",
            "db080d7b-e59f-4fbb-bac8-a6571fc65f1f"
          ],
          "failures": [],
          "pending": [],
          "skipped": [],
          "duration": 4691,
          "root": false,
          "rootEmpty": false,
          "_timeout": 2000
        }
      ],
      "passes": [],
      "failures": [],
      "pending": [],
      "skipped": [],
      "duration": 0,
      "root": true,
      "rootEmpty": true,
      "_timeout": 2000
    }
  ],
  "meta": {
    "mocha": {
      "version": "7.0.1"
    },
    "mochawesome": {
      "options": {
        "quiet": false,
        "reportFilename": "mochawesome",
        "saveHtml": false,
        "saveJson": true,
        "consoleReporter": "spec",
        "useInlineDiffs": false,
        "code": true
      },
      "version": "6.2.2"
    },
    "marge": {
      "options": {
        "reportDir": "cypress/results",
        "overwrite": false,
        "html": false,
        "json": true
      },
      "version": "5.2.0"
    }
  }
}